<?xml version="1.0" encoding="UTF-8"?>
<!-- Generated by org.testng.reporters.JUnitReportReporter -->
<testsuite hostname="Sal-Lonovo" failures="0" tests="1" name="cucumberOptions.testNGTestRunner" time="18.157" errors="0" timestamp="2022-12-05T14:11:56 EST" skipped="0">
  <testcase classname="cucumberOptions.testNGTestRunner" name="runScenario" time="18.157"/>
  <system-out/>
</testsuite> <!-- cucumberOptions.testNGTestRunner -->
