<?xml version="1.0" encoding="UTF-8"?>
<!-- Generated by org.testng.reporters.JUnitReportReporter -->
<testsuite hostname="sal-lonovo" failures="0" tests="1" name="cucumberOptions.testNGTestRunner" time="9.435" errors="0" timestamp="2022-08-20T01:58:57 EDT" skipped="0">
  <testcase classname="cucumberOptions.testNGTestRunner" name="runScenario" time="9.435"/>
  <system-out/>
</testsuite> <!-- cucumberOptions.testNGTestRunner -->
